Arguments: 
  C:\node js\node.exe C:\Users\Marti\Desktop\r.n.expo\medic\.yarn\releases\yarn-1.22.10.cjs add react-navive-vector-icons

PATH: 
  C:\Program Files (x86)\Common Files\Intel\Shared Libraries\redist\intel64\compiler;C:\Program Files (x86)\Common Files\Oracle\Java\javapath;C:\Windows\system32;C:\Windows;C:\Windows\System32\Wbem;C:\Windows\System32\WindowsPowerShell\v1.0\;C:\Windows\System32\OpenSSH\;C:\Program Files (x86)\NVIDIA Corporation\PhysX\Common;C:\node js\;C:\Users\Marti\AppData\Local\Microsoft\WindowsApps;C:\Microsoft VS Code\bin;C:\Users\Marti\AppData\Roaming\npm;C:\Users\Marti\AppData\Local\GitHubDesktop\bin

Yarn version: 
  1.22.10

Node version: 
  14.15.5

Platform: 
  win32 x64

Trace: 
  Error: https://registry.yarnpkg.com/react-navive-vector-icons: Not found
      at Request.params.callback [as _callback] (C:\Users\Marti\Desktop\r.n.expo\medic\.yarn\releases\yarn-1.22.10.cjs:78518:18)
      at Request.self.callback (C:\Users\Marti\Desktop\r.n.expo\medic\.yarn\releases\yarn-1.22.10.cjs:135160:22)
      at Request.emit (events.js:315:20)
      at Request.<anonymous> (C:\Users\Marti\Desktop\r.n.expo\medic\.yarn\releases\yarn-1.22.10.cjs:136132:10)
      at Request.emit (events.js:315:20)
      at IncomingMessage.<anonymous> (C:\Users\Marti\Desktop\r.n.expo\medic\.yarn\releases\yarn-1.22.10.cjs:136054:12)
      at Object.onceWrapper (events.js:421:28)
      at IncomingMessage.emit (events.js:327:22)
      at endReadableNT (internal/streams/readable.js:1327:12)
      at processTicksAndRejections (internal/process/task_queues.js:80:21)

npm manifest: 
  {
    "main": "node_modules/expo/AppEntry.js",
    "scripts": {
      "start": "expo start",
      "android": "expo start --android",
      "ios": "expo start --ios",
      "web": "expo start --web",
      "eject": "expo eject"
    },
    "dependencies": {
      "expo": "~40.0.0",
      "expo-status-bar": "~1.0.3",
      "react": "16.13.1",
      "react-dom": "16.13.1",
      "react-native": "https://github.com/expo/react-native/archive/sdk-40.0.1.tar.gz",
      "react-native-web": "~0.13.12",
      "yarn": "^1.22.10"
    },
    "devDependencies": {
      "@babel/core": "~7.9.0"
    },
    "private": true
  }

yarn manifest: 
  No manifest

Lockfile: 
  No lockfile
